[INFO] Scanning for projects...
[INFO] 
[INFO] -------------------------< com.App:SWEProject >-------------------------
[INFO] Building SWEProject 1.0
[INFO]   from pom.xml
[INFO] --------------------------------[ jar ]---------------------------------
[INFO] 
[INFO] >>> spring-boot:3.4.5:run (default-cli) > test-compile @ SWEProject >>>
[INFO] 
[INFO] --- resources:3.3.1:resources (default-resources) @ SWEProject ---
[INFO] Copying 4 resources from src\main\resources to target\classes
[INFO] 
[INFO] --- compiler:3.11.0:compile (default-compile) @ SWEProject ---
[INFO] Nothing to compile - all classes are up to date
[INFO] 
[INFO] --- resources:3.3.1:testResources (default-testResources) @ SWEProject ---
[INFO] skip non existing resourceDirectory C:\Users\Bereket\SWEProject\backend\src\test\resources
[INFO] 
[INFO] --- compiler:3.11.0:testCompile (default-testCompile) @ SWEProject ---
[INFO] Nothing to compile - all classes are up to date
[INFO] 
[INFO] <<< spring-boot:3.4.5:run (default-cli) < test-compile @ SWEProject <<<
[INFO] 
[INFO] 
[INFO] --- spring-boot:3.4.5:run (default-cli) @ SWEProject ---
[INFO] Attaching agents: []
2026-06-14T02:48:15.948-05:00  INFO 38628 --- [           main] com.crms.CRMS_App                        : Starting CRMS_App using Java 26.0.1 with PID 38628 (C:\Users\Bereket\SWEProject\backend\target\classes started by Bereket in C:\Users\Bereket\SWEProject\backend)
2026-06-14T02:48:15.961-05:00 DEBUG 38628 --- [           main] com.crms.CRMS_App                        : Running with Spring Boot v3.4.5, Spring v6.2.6
2026-06-14T02:48:15.962-05:00  INFO 38628 --- [           main] com.crms.CRMS_App                        : No active profile set, falling back to 1 default profile: "default"
2026-06-14T02:48:16.795-05:00 DEBUG 38628 --- [           main] com.crms.security.JwtFilter              : Filter 'jwtFilter' configured for use
2026-06-14T02:48:18.555-05:00  INFO 38628 --- [           main] com.crms.CRMS_App                        : Started CRMS_App in 2.85 seconds (process running for 3.046)
