[INFO] Scanning for projects...
[INFO] 
[INFO] -------------------------< com.App:SWEProject >-------------------------
[INFO] Building SWEProject 1.0
[INFO]   from pom.xml
[INFO] --------------------------------[ jar ]---------------------------------
[INFO] 
[INFO] >>> spring-boot:3.4.5:run (default-cli) > test-compile @ SWEProject >>>
[INFO] 
[INFO] --- resources:3.3.1:resources (default-resources) @ SWEProject ---
[INFO] Copying 4 resources from src\main\resources to target\classes
[INFO] 
[INFO] --- compiler:3.11.0:compile (default-compile) @ SWEProject ---
[INFO] Nothing to compile - all classes are up to date
[INFO] 
[INFO] --- resources:3.3.1:testResources (default-testResources) @ SWEProject ---
[INFO] skip non existing resourceDirectory C:\Users\Bereket\SWEProject\backend\src\test\resources
[INFO] 
[INFO] --- compiler:3.11.0:testCompile (default-testCompile) @ SWEProject ---
[INFO] Nothing to compile - all classes are up to date
[INFO] 
[INFO] <<< spring-boot:3.4.5:run (default-cli) < test-compile @ SWEProject <<<
[INFO] 
[INFO] 
[INFO] --- spring-boot:3.4.5:run (default-cli) @ SWEProject ---
[INFO] Attaching agents: []
2026-06-14T21:40:05.016-05:00  INFO 6232 --- [           main] com.crms.CRMS_App                        : Starting CRMS_App using Java 26.0.1 with PID 6232 (C:\Users\Bereket\SWEProject\backend\target\classes started by Bereket in C:\Users\Bereket\SWEProject\backend)
2026-06-14T21:40:05.033-05:00 DEBUG 6232 --- [           main] com.crms.CRMS_App                        : Running with Spring Boot v3.4.5, Spring v6.2.6
2026-06-14T21:40:05.033-05:00  INFO 6232 --- [           main] com.crms.CRMS_App                        : No active profile set, falling back to 1 default profile: "default"
2026-06-14T21:40:06.419-05:00 DEBUG 6232 --- [           main] com.crms.security.JwtFilter              : Filter 'jwtFilter' configured for use
2026-06-14T21:40:15.351-05:00  INFO 6232 --- [           main] com.crms.CRMS_App                        : Started CRMS_App in 10.675 seconds (process running for 11.038)
[INFO] ------------------------------------------------------------------------
[INFO] BUILD FAILURE
[INFO] ------------------------------------------------------------------------
[INFO] Total time:  02:20 h
[INFO] Finished at: 2026-06-15T00:00:30-05:00
[INFO] ------------------------------------------------------------------------
[ERROR] Failed to execute goal org.springframework.boot:spring-boot-maven-plugin:3.4.5:run (default-cli) on project SWEProject: Process terminated with exit code: -1 -> [Help 1]
[ERROR] 
[ERROR] To see the full stack trace of the errors, re-run Maven with the -e switch.
[ERROR] Re-run Maven using the -X switch to enable full debug logging.
[ERROR] 
[ERROR] For more information about the errors and possible solutions, please read the following articles:
[ERROR] [Help 1] http://cwiki.apache.org/confluence/display/MAVEN/MojoExecutionException
